# JRE version: OpenJDK Runtime Environment Temurin-21.0.10+7 (21.0.10+7) (build 21.0.10+7-LTS)
# Java VM: OpenJDK 64-Bit Server VM Temurin-21.0.10+7 (21.0.10+7-LTS, mixed mode, sharing, tiered, compressed oops, compressed class ptrs, parallel gc, windows-amd64)
GC Precious Log:
 CardTable entry size: 512
 CPUs: 16 total, 16 available
 Memory: 16115M
 Large Page Support: Disabled
 NUMA Support: Disabled
 Compressed Oops: Enabled (32-bit)
 Alignments: Space 512K, Generation 512K, Heap 2M
 Heap Min Capacity: 100M
 Heap Initial Capacity: 100M
 Heap Max Capacity: 2G
 Pre-touch: Disabled
 Parallel Workers: 13
Heap:
 PSYoungGen      total 12288K, used 7363K [0x00000000d5580000, 0x00000000d6600000, 0x0000000100000000)
  eden space 11776K, 58% used [0x00000000d5580000,0x00000000d5c38f10,0x00000000d6100000)
  from space 512K, 93% used [0x00000000d6580000,0x00000000d65f8000,0x00000000d6600000)
  to   space 1024K, 0% used [0x00000000d6400000,0x00000000d6400000,0x00000000d6500000)
 ParOldGen       total 68608K, used 40457K [0x0000000080000000, 0x0000000084300000, 0x00000000d5580000)
  object space 68608K, 58% used [0x0000000080000000,0x0000000082782550,0x0000000084300000)
 Metaspace       used 63174K, committed 64512K, reserved 1114112K
  class space    used 7412K, committed 8000K, reserved 1048576K
GC Heap History (20 events):
Event: 17.171 GC heap before
{Heap before GC invocations=32 (full 2):
 PSYoungGen      total 13312K, used 12128K [0x00000000d5580000, 0x00000000d6880000, 0x0000000100000000)
  eden space 11776K, 100% used [0x00000000d5580000,0x00000000d6100000,0x00000000d6100000)
  from space 1536K, 22% used [0x00000000d6600000,0x00000000d6658000,0x00000000d6780000)
  to   space 512K, 0% used [0x00000000d6800000,0x00000000d6800000,0x00000000d6880000)
 ParOldGen       total 68608K, used 38405K [0x0000000080000000, 0x0000000084300000, 0x00000000d5580000)
  object space 68608K, 55% used [0x0000000080000000,0x0000000082581688,0x0000000084300000)
 Metaspace       used 55444K, committed 56704K, reserved 1114112K
  class space    used 6289K, committed 6848K, reserved 1048576K
}
Event: 17.172 GC heap after
{Heap after GC invocations=32 (full 2):
 PSYoungGen      total 12288K, used 503K [0x00000000d5580000, 0x00000000d6900000, 0x0000000100000000)
  eden space 11776K, 0% used [0x00000000d5580000,0x00000000d5580000,0x00000000d6100000)
  from space 512K, 98% used [0x00000000d6800000,0x00000000d687df50,0x00000000d6880000)
  to   space 4096K, 0% used [0x00000000d6100000,0x00000000d6100000,0x00000000d6500000)
 ParOldGen       total 68608K, used 41435K [0x0000000080000000, 0x0000000084300000, 0x00000000d5580000)
  object space 68608K, 60% used [0x0000000080000000,0x0000000082876ff0,0x0000000084300000)
 Metaspace       used 55444K, committed 56704K, reserved 1114112K
  class space    used 6289K, committed 6848K, reserved 1048576K
}
Event: 17.277 GC heap before
{Heap before GC invocations=33 (full 2):
 PSYoungGen      total 12288K, used 12279K [0x00000000d5580000, 0x00000000d6900000, 0x0000000100000000)
  eden space 11776K, 100% used [0x00000000d5580000,0x00000000d6100000,0x00000000d6100000)
  from space 512K, 98% used [0x00000000d6800000,0x00000000d687df50,0x00000000d6880000)
  to   space 4096K, 0% used [0x00000000d6100000,0x00000000d6100000,0x00000000d6500000)
 ParOldGen       total 68608K, used 41435K [0x0000000080000000, 0x0000000084300000, 0x00000000d5580000)
  object space 68608K, 60% used [0x0000000080000000,0x0000000082876ff0,0x0000000084300000)
 Metaspace       used 55990K, committed 57216K, reserved 1114112K
  class space    used 6384K, committed 6912K, reserved 1048576K
}
Event: 17.278 GC heap after
{Heap after GC invocations=33 (full 2):
 PSYoungGen      total 15872K, used 1028K [0x00000000d5580000, 0x00000000d6880000, 0x0000000100000000)
  eden space 11776K, 0% used [0x00000000d5580000,0x00000000d5580000,0x00000000d6100000)
  from space 4096K, 25% used [0x00000000d6100000,0x00000000d62010a8,0x00000000d6500000)
  to   space 2048K, 0% used [0x00000000d6680000,0x00000000d6680000,0x00000000d6880000)
 ParOldGen       total 68608K, used 41962K [0x0000000080000000, 0x0000000084300000, 0x00000000d5580000)
  object space 68608K, 61% used [0x0000000080000000,0x00000000828fa8b8,0x0000000084300000)
 Metaspace       used 55990K, committed 57216K, reserved 1114112K
  class space    used 6384K, committed 6912K, reserved 1048576K
}
Event: 17.373 GC heap before
{Heap before GC invocations=34 (full 2):
 PSYoungGen      total 15872K, used 12804K [0x00000000d5580000, 0x00000000d6880000, 0x0000000100000000)
  eden space 11776K, 100% used [0x00000000d5580000,0x00000000d6100000,0x00000000d6100000)
  from space 4096K, 25% used [0x00000000d6100000,0x00000000d62010a8,0x00000000d6500000)
  to   space 2048K, 0% used [0x00000000d6680000,0x00000000d6680000,0x00000000d6880000)
 ParOldGen       total 68608K, used 41962K [0x0000000080000000, 0x0000000084300000, 0x00000000d5580000)
  object space 68608K, 61% used [0x0000000080000000,0x00000000828fa8b8,0x0000000084300000)
 Metaspace       used 56971K, committed 58176K, reserved 1114112K
  class space    used 6573K, committed 7104K, reserved 1048576K
}
Event: 17.374 GC heap after
{Heap after GC invocations=34 (full 2):
 PSYoungGen      total 12800K, used 752K [0x00000000d5580000, 0x00000000d6780000, 0x0000000100000000)
  eden space 11776K, 0% used [0x00000000d5580000,0x00000000d5580000,0x00000000d6100000)
  from space 1024K, 73% used [0x00000000d6680000,0x00000000d673c020,0x00000000d6780000)
  to   space 1024K, 0% used [0x00000000d6580000,0x00000000d6580000,0x00000000d6680000)
 ParOldGen       total 68608K, used 42793K [0x0000000080000000, 0x0000000084300000, 0x00000000d5580000)
  object space 68608K, 62% used [0x0000000080000000,0x00000000829ca700,0x0000000084300000)
 Metaspace       used 56971K, committed 58176K, reserved 1114112K
  class space    used 6573K, committed 7104K, reserved 1048576K
}
Event: 17.483 GC heap before
{Heap before GC invocations=35 (full 2):
 PSYoungGen      total 12800K, used 12528K [0x00000000d5580000, 0x00000000d6780000, 0x0000000100000000)
  eden space 11776K, 100% used [0x00000000d5580000,0x00000000d6100000,0x00000000d6100000)
  from space 1024K, 73% used [0x00000000d6680000,0x00000000d673c020,0x00000000d6780000)
  to   space 1024K, 0% used [0x00000000d6580000,0x00000000d6580000,0x00000000d6680000)
 ParOldGen       total 68608K, used 42793K [0x0000000080000000, 0x0000000084300000, 0x00000000d5580000)
  object space 68608K, 62% used [0x0000000080000000,0x00000000829ca700,0x0000000084300000)
 Metaspace       used 58456K, committed 59712K, reserved 1114112K
  class space    used 6807K, committed 7360K, reserved 1048576K
}
Event: 17.484 GC heap after
{Heap after GC invocations=35 (full 2):
 PSYoungGen      total 12288K, used 512K [0x00000000d5580000, 0x00000000d6700000, 0x0000000100000000)
  eden space 11776K, 0% used [0x00000000d5580000,0x00000000d5580000,0x00000000d6100000)
  from space 512K, 100% used [0x00000000d6580000,0x00000000d6600000,0x00000000d6600000)
  to   space 1024K, 0% used [0x00000000d6600000,0x00000000d6600000,0x00000000d6700000)
 ParOldGen       total 68608K, used 43374K [0x0000000080000000, 0x0000000084300000, 0x00000000d5580000)
  object space 68608K, 63% used [0x0000000080000000,0x0000000082a5ba88,0x0000000084300000)
 Metaspace       used 58456K, committed 59712K, reserved 1114112K
  class space    used 6807K, committed 7360K, reserved 1048576K
}
Event: 17.495 GC heap before
{Heap before GC invocations=36 (full 2):
 PSYoungGen      total 12288K, used 2108K [0x00000000d5580000, 0x00000000d6700000, 0x0000000100000000)
  eden space 11776K, 13% used [0x00000000d5580000,0x00000000d570f160,0x00000000d6100000)
  from space 512K, 100% used [0x00000000d6580000,0x00000000d6600000,0x00000000d6600000)
  to   space 1024K, 0% used [0x00000000d6600000,0x00000000d6600000,0x00000000d6700000)
 ParOldGen       total 68608K, used 43374K [0x0000000080000000, 0x0000000084300000, 0x00000000d5580000)
  object space 68608K, 63% used [0x0000000080000000,0x0000000082a5ba88,0x0000000084300000)
 Metaspace       used 58591K, committed 59776K, reserved 1114112K
  class space    used 6834K, committed 7360K, reserved 1048576K
}
Event: 17.495 GC heap after
{Heap after GC invocations=36 (full 2):
 PSYoungGen      total 12288K, used 384K [0x00000000d5580000, 0x00000000d6680000, 0x0000000100000000)
  eden space 11776K, 0% used [0x00000000d5580000,0x00000000d5580000,0x00000000d6100000)
  from space 512K, 75% used [0x00000000d6600000,0x00000000d6660000,0x00000000d6680000)
  to   space 512K, 0% used [0x00000000d6580000,0x00000000d6580000,0x00000000d6600000)
 ParOldGen       total 68608K, used 43718K [0x0000000080000000, 0x0000000084300000, 0x00000000d5580000)
  object space 68608K, 63% used [0x0000000080000000,0x0000000082ab1a88,0x0000000084300000)
 Metaspace       used 58591K, committed 59776K, reserved 1114112K
  class space    used 6834K, committed 7360K, reserved 1048576K
}
Event: 17.495 GC heap before
{Heap before GC invocations=37 (full 3):
 PSYoungGen      total 12288K, used 384K [0x00000000d5580000, 0x00000000d6680000, 0x0000000100000000)
  eden space 11776K, 0% used [0x00000000d5580000,0x00000000d5580000,0x00000000d6100000)
  from space 512K, 75% used [0x00000000d6600000,0x00000000d6660000,0x00000000d6680000)
  to   space 512K, 0% used [0x00000000d6580000,0x00000000d6580000,0x00000000d6600000)
 ParOldGen       total 68608K, used 43718K [0x0000000080000000, 0x0000000084300000, 0x00000000d5580000)
  object space 68608K, 63% used [0x0000000080000000,0x0000000082ab1a88,0x0000000084300000)
 Metaspace       used 58591K, committed 59776K, reserved 1114112K
  class space    used 6834K, committed 7360K, reserved 1048576K
}
Event: 17.538 GC heap after
{Heap after GC invocations=37 (full 3):
 PSYoungGen      total 12288K, used 0K [0x00000000d5580000, 0x00000000d6680000, 0x0000000100000000)
  eden space 11776K, 0% used [0x00000000d5580000,0x00000000d5580000,0x00000000d6100000)
  from space 512K, 0% used [0x00000000d6600000,0x00000000d6600000,0x00000000d6680000)
  to   space 512K, 0% used [0x00000000d6580000,0x00000000d6580000,0x00000000d6600000)
 ParOldGen       total 68608K, used 39210K [0x0000000080000000, 0x0000000084300000, 0x00000000d5580000)
  object space 68608K, 57% used [0x0000000080000000,0x000000008264a810,0x0000000084300000)
 Metaspace       used 58591K, committed 59776K, reserved 1114112K
  class space    used 6834K, committed 7360K, reserved 1048576K
}
Event: 17.704 GC heap before
{Heap before GC invocations=38 (full 3):
 PSYoungGen      total 12288K, used 11776K [0x00000000d5580000, 0x00000000d6680000, 0x0000000100000000)
  eden space 11776K, 100% used [0x00000000d5580000,0x00000000d6100000,0x00000000d6100000)
  from space 512K, 0% used [0x00000000d6600000,0x00000000d6600000,0x00000000d6680000)
  to   space 512K, 0% used [0x00000000d6580000,0x00000000d6580000,0x00000000d6600000)
 ParOldGen       total 68608K, used 39210K [0x0000000080000000, 0x0000000084300000, 0x00000000d5580000)
  object space 68608K, 57% used [0x0000000080000000,0x000000008264a810,0x0000000084300000)
 Metaspace       used 59807K, committed 61056K, reserved 1114112K
  class space    used 7045K, committed 7616K, reserved 1048576K
}
Event: 17.705 GC heap after
{Heap after GC invocations=38 (full 3):
 PSYoungGen      total 12288K, used 494K [0x00000000d5580000, 0x00000000d6680000, 0x0000000100000000)
  eden space 11776K, 0% used [0x00000000d5580000,0x00000000d5580000,0x00000000d6100000)
  from space 512K, 96% used [0x00000000d6580000,0x00000000d65fb9b0,0x00000000d6600000)
  to   space 512K, 0% used [0x00000000d6600000,0x00000000d6600000,0x00000000d6680000)
 ParOldGen       total 68608K, used 39306K [0x0000000080000000, 0x0000000084300000, 0x00000000d5580000)
  object space 68608K, 57% used [0x0000000080000000,0x0000000082662820,0x0000000084300000)
 Metaspace       used 59807K, committed 61056K, reserved 1114112K
  class space    used 7045K, committed 7616K, reserved 1048576K
}
Event: 18.037 GC heap before
{Heap before GC invocations=39 (full 3):
 PSYoungGen      total 12288K, used 12270K [0x00000000d5580000, 0x00000000d6680000, 0x0000000100000000)
  eden space 11776K, 100% used [0x00000000d5580000,0x00000000d6100000,0x00000000d6100000)
  from space 512K, 96% used [0x00000000d6580000,0x00000000d65fb9b0,0x00000000d6600000)
  to   space 512K, 0% used [0x00000000d6600000,0x00000000d6600000,0x00000000d6680000)
 ParOldGen       total 68608K, used 39306K [0x0000000080000000, 0x0000000084300000, 0x00000000d5580000)
  object space 68608K, 57% used [0x0000000080000000,0x0000000082662820,0x0000000084300000)
 Metaspace       used 60950K, committed 62272K, reserved 1114112K
  class space    used 7177K, committed 7744K, reserved 1048576K
}
Event: 18.038 GC heap after
{Heap after GC invocations=39 (full 3):
 PSYoungGen      total 12288K, used 504K [0x00000000d5580000, 0x00000000d6680000, 0x0000000100000000)
  eden space 11776K, 0% used [0x00000000d5580000,0x00000000d5580000,0x00000000d6100000)
  from space 512K, 98% used [0x00000000d6600000,0x00000000d667e1a8,0x00000000d6680000)
  to   space 1024K, 0% used [0x00000000d6480000,0x00000000d6480000,0x00000000d6580000)
 ParOldGen       total 68608K, used 39649K [0x0000000080000000, 0x0000000084300000, 0x00000000d5580000)
  object space 68608K, 57% used [0x0000000080000000,0x00000000826b8520,0x0000000084300000)
 Metaspace       used 60950K, committed 62272K, reserved 1114112K
  class space    used 7177K, committed 7744K, reserved 1048576K
}
Event: 18.143 GC heap before
{Heap before GC invocations=40 (full 3):
 PSYoungGen      total 12288K, used 12273K [0x00000000d5580000, 0x00000000d6680000, 0x0000000100000000)
  eden space 11776K, 99% used [0x00000000d5580000,0x00000000d60fe498,0x00000000d6100000)
  from space 512K, 98% used [0x00000000d6600000,0x00000000d667e1a8,0x00000000d6680000)
  to   space 1024K, 0% used [0x00000000d6480000,0x00000000d6480000,0x00000000d6580000)
 ParOldGen       total 68608K, used 39660K [0x0000000080000000, 0x0000000084300000, 0x00000000d5580000)
  object space 68608K, 57% used [0x0000000080000000,0x00000000826bb178,0x0000000084300000)
 Metaspace       used 62155K, committed 63488K, reserved 1114112K
  class space    used 7299K, committed 7936K, reserved 1048576K
}
Event: 18.144 GC heap after
{Heap after GC invocations=40 (full 3):
 PSYoungGen      total 12800K, used 608K [0x00000000d5580000, 0x00000000d6680000, 0x0000000100000000)
  eden space 11776K, 0% used [0x00000000d5580000,0x00000000d5580000,0x00000000d6100000)
  from space 1024K, 59% used [0x00000000d6480000,0x00000000d6518000,0x00000000d6580000)
  to   space 1024K, 0% used [0x00000000d6580000,0x00000000d6580000,0x00000000d6680000)
 ParOldGen       total 68608K, used 40078K [0x0000000080000000, 0x0000000084300000, 0x00000000d5580000)
  object space 68608K, 58% used [0x0000000080000000,0x0000000082723a38,0x0000000084300000)
 Metaspace       used 62155K, committed 63488K, reserved 1114112K
  class space    used 7299K, committed 7936K, reserved 1048576K
}
Event: 18.336 GC heap before
{Heap before GC invocations=41 (full 3):
 PSYoungGen      total 12800K, used 12384K [0x00000000d5580000, 0x00000000d6680000, 0x0000000100000000)
  eden space 11776K, 100% used [0x00000000d5580000,0x00000000d6100000,0x00000000d6100000)
  from space 1024K, 59% used [0x00000000d6480000,0x00000000d6518000,0x00000000d6580000)
  to   space 1024K, 0% used [0x00000000d6580000,0x00000000d6580000,0x00000000d6680000)
 ParOldGen       total 68608K, used 40080K [0x0000000080000000, 0x0000000084300000, 0x00000000d5580000)
  object space 68608K, 58% used [0x0000000080000000,0x00000000827242e8,0x0000000084300000)
 Metaspace       used 63072K, committed 64448K, reserved 1114112K
  class space    used 7409K, committed 8000K, reserved 1048576K
}
Event: 18.337 GC heap after
{Heap after GC invocations=41 (full 3):
 PSYoungGen      total 12288K, used 480K [0x00000000d5580000, 0x00000000d6600000, 0x0000000100000000)
  eden space 11776K, 0% used [0x00000000d5580000,0x00000000d5580000,0x00000000d6100000)
  from space 512K, 93% used [0x00000000d6580000,0x00000000d65f8000,0x00000000d6600000)
  to   space 1024K, 0% used [0x00000000d6400000,0x00000000d6400000,0x00000000d6500000)
 ParOldGen       total 68608K, used 40457K [0x0000000080000000, 0x0000000084300000, 0x00000000d5580000)
  object space 68608K, 58% used [0x0000000080000000,0x0000000082782550,0x0000000084300000)
 Metaspace       used 63072K, committed 64448K, reserved 1114112K
  class space    used 7409K, committed 8000K, reserved 1048576K
}

